USC00110072.txt   -0.27    -0.29    0.21
USC00110187.txt   0.28    0.11    0.02
USC00110338.txt   -0.3    0.22    0.25
USC00111280.txt   -0.25    -0.33    -0.13
USC00111436.txt   0.1    0.01    0.09
USC00112140.txt   -0.15    -0.1    0.27
USC00112193.txt   -0.38    0.32    0.33
USC00112348.txt   0.33    0.29    -0.15
USC00112483.txt   -0.35    -0.08    0.2
USC00113335.txt   0.09    -0.3    0.0
USC00113879.txt   0.19    0.36    -0.13
USC00114108.txt   -0.07    0.28    0.29
USC00114198.txt   -0.11    -0.14    0.25
USC00114442.txt   0.02    0.12    0.13
USC00114823.txt   -0.28    0.27    0.25
USC00115079.txt   -0.52    -0.38    0.36
USC00115326.txt   0.03    0.03    0.01
USC00115515.txt   0.1    0.13    -0.08
USC00115712.txt   -0.08    -0.01    0.0
USC00115768.txt   -0.23    -0.24    0.09
USC00115833.txt   -0.2    -0.1    0.13
USC00115901.txt   -0.03    0.32    0.27
USC00115943.txt   -0.21    0.24    0.21
USC00116446.txt   -0.22    -0.28    0.35
USC00116526.txt   -0.07    -0.15    0.24
USC00116558.txt   -0.07    -0.11    0.4
USC00116579.txt   -0.25    0.04    0.05
USC00116610.txt   -0.3    -0.4    0.1
USC00116738.txt   0.2    0.01    0.14
USC00116910.txt   -0.16    0.08    0.25
USC00117551.txt   -0.27    -0.23    0.09
USC00118147.txt   -0.16    -0.16    -0.32
USC00118740.txt   -0.09    0.06    0.05
USC00118916.txt   -0.03    0.16    0.03
USC00119241.txt   -0.13    0.19    0.28
USC00119354.txt   -0.0    0.08    0.19
USC00120177.txt   0.05    0.15    0.31
USC00120200.txt   -0.13    -0.14    0.1
USC00120676.txt   -0.14    -0.19    0.37
USC00120784.txt   -0.15    -0.24    0.21
USC00121030.txt   0.1    0.3    0.16
USC00121229.txt   -0.1    0.05    0.01
USC00121425.txt   -0.39    -0.47    -0.28
USC00121747.txt   -0.06    0.11    0.22
USC00121873.txt   -0.28    -0.07    0.18
USC00122149.txt   -0.38    -0.33    0.23
USC00123418.txt   -0.19    -0.2    0.2
USC00123513.txt   -0.3    -0.45    0.01
USC00123527.txt   -0.2    -0.19    0.28
USC00124008.txt   -0.39    -0.31    -0.39
USC00124181.txt   0.0    -0.04    0.21
USC00124837.txt   -0.09    -0.1    0.1
USC00125237.txt   -0.45    -0.45    0.28
USC00125337.txt   -0.13    -0.09    0.31
USC00126001.txt   0.09    0.43    0.0
USC00126580.txt   -0.09    0.19    0.32
USC00126705.txt   -0.44    -0.28    0.32
USC00127125.txt   0.11    -0.34    0.24
USC00127298.txt   -0.09    -0.18    0.11
USC00127482.txt   0.44    0.42    0.21
USC00127522.txt   -0.12    -0.17    -0.28
USC00127646.txt   0.01    0.05    0.25
USC00127755.txt   -0.15    -0.14    -0.44
USC00127875.txt   0.15    0.37    -0.1
USC00127935.txt   0.04    0.07    -0.08
USC00128036.txt   -0.01    -0.08    0.2
USC00129080.txt   -0.2    -0.0    -0.03
USC00129113.txt   0.07    0.12    0.25
USC00129253.txt   -0.02    -0.02    0.03
USC00129511.txt   -0.05    -0.04    0.47
USC00129557.txt   -0.29    0.05    0.23
USC00129670.txt   -0.18    -0.18    0.33
USC00130112.txt   -0.46    -0.44    0.22
USC00130133.txt   -0.2    -0.37    0.17
USC00130600.txt   -0.27    -0.42    0.13
USC00131402.txt   -0.35    0.07    0.33
USC00131533.txt   -0.17    -0.44    0.16
USC00131635.txt   -0.17    -0.07    0.08
USC00132724.txt   -0.31    -0.35    -0.1
USC00132789.txt   -0.18    -0.1    0.37
USC00132864.txt   -0.24    -0.05    0.52
USC00132977.txt   -0.16    -0.19    0.13
USC00132999.txt   -0.46    -0.38    -0.16
USC00134063.txt   -0.41    -0.51    0.45
USC00134142.txt   -0.29    -0.26    0.35
USC00134735.txt   -0.21    -0.21    0.57
USC00134894.txt   -0.28    -0.51    0.26
USC00135769.txt   -0.25    -0.17    0.22
USC00135796.txt   0.02    -0.07    0.25
USC00135952.txt   -0.4    -0.54    0.23
USC00137147.txt   -0.11    0.07    0.06
USC00137161.txt   -0.39    -0.35    0.17
USC00137979.txt   -0.18    0.0    -0.41
USC00138296.txt   -0.36    -0.35    0.05
USC00138688.txt   -0.41    -0.64    0.43
USC00250070.txt   -0.25    -0.25    -0.08
USC00250130.txt   0.35    0.43    -0.03
USC00250375.txt   -0.16    -0.25    -0.04
USC00250420.txt   -0.31    -0.35    -0.18
USC00250435.txt   -0.21    -0.22    0.02
USC00250622.txt   -0.49    -0.49    0.02
USC00250640.txt   -0.35    -0.44    0.11
USC00251145.txt   -0.06    0.01    0.3
USC00251200.txt   -0.2    -0.07    0.09
USC00252020.txt   -0.0    0.04    0.02
USC00252100.txt   0.31    0.32    -0.2
USC00252205.txt   -0.24    -0.21    0.33
USC00252820.txt   -0.1    -0.14    0.15
USC00252840.txt   -0.1    -0.21    -0.06
USC00253035.txt   -0.39    0.13    0.29
USC00253175.txt   0.05    0.0    -0.13
USC00253185.txt   -0.14    0.19    0.16
USC00253365.txt   0.15    0.23    0.27
USC00253615.txt   0.05    -0.14    0.09
USC00253630.txt   -0.43    -0.49    0.25
USC00253660.txt   -0.17    -0.16    0.11
USC00253715.txt   0.42    0.45    -0.49
USC00253735.txt   -0.08    -0.26    -0.04
USC00253910.txt   -0.09    -0.33    0.09
USC00254110.txt   -0.19    -0.19    -0.12
USC00254440.txt   -0.02    -0.28    -0.01
USC00254900.txt   -0.55    -0.36    -0.65
USC00254985.txt   -0.21    -0.01    -0.11
USC00255080.txt   -0.08    -0.04    -0.1
USC00255310.txt   0.11    -0.23    0.23
USC00255470.txt   -0.13    -0.01    -0.17
USC00255565.txt   -0.58    -0.32    0.12
USC00256040.txt   0.1    0.03    0.1
USC00256135.txt   -0.22    -0.17    0.22
USC00256570.txt   -0.53    -0.6    -0.04
USC00256970.txt   0.07    0.1    0.36
USC00257070.txt   0.05    0.11    -0.04
USC00257515.txt   -0.54    -0.54    0.29
USC00257715.txt   -0.41    -0.71    0.11
USC00258133.txt   0.07    0.19    0.19
USC00258395.txt   -0.24    -0.06    0.05
USC00258465.txt   0.03    -0.04    0.01
USC00258480.txt   -0.02    -0.21    0.09
USC00258915.txt   -0.35    -0.4    0.34
USC00259090.txt   0.04    0.19    0.09
USC00259510.txt   0.28    0.48    0.04
USC00331072.txt   0.0    -0.12    0.32
USC00331152.txt   -0.46    -0.46    -0.02
USC00331541.txt   -0.41    -0.03    0.28
USC00331592.txt   0.01    0.15    0.17
USC00331890.txt   -0.29    -0.29    0.35
USC00332098.txt   -0.13    -0.09    0.34
USC00332119.txt   0.01    0.12    -0.16
USC00332791.txt   -0.09    -0.13    0.32
USC00333375.txt   0.03    0.17    0.24
USC00333758.txt   -0.16    -0.22    -0.0
USC00333780.txt   -0.36    -0.55    0.39
USC00334189.txt   -0.04    -0.12    0.05
USC00335041.txt   -0.49    -0.49    -0.06
USC00335297.txt   0.02    0.15    0.47
USC00335315.txt   -0.4    -0.17    -0.13
USC00336118.txt   0.0    -0.02    0.51
USC00336196.txt   -0.56    -0.56    0.47
USC00336600.txt   0.22    0.3    0.25
USC00336781.txt   0.04    0.27    0.14
USC00338313.txt   -0.11    -0.11    0.23
USC00338534.txt   0.21    0.27    0.42
USC00338552.txt   -0.09    0.08    0.02
USC00338769.txt   -0.26    -0.23    0.32
USC00338822.txt   -0.37    -0.37    0.26
USC00338830.txt   -0.27    0.29    0.18
USC00339312.txt   0.14    -0.3    0.37
