USC00110072.txt 121
USC00110187.txt 6
USC00110338.txt 22
USC00111280.txt 92
USC00111436.txt 125
USC00112140.txt 25
USC00112193.txt 94
USC00112348.txt 381
USC00112483.txt 1
USC00113335.txt 872
USC00113879.txt 379
USC00114108.txt 1007
USC00114198.txt 24
USC00114442.txt 16
USC00114823.txt 2
USC00115079.txt 830
USC00115326.txt 139
USC00115515.txt 1
USC00115712.txt 14
USC00115768.txt 21
USC00115833.txt 381
USC00115901.txt 2
USC00115943.txt 12
USC00116446.txt 127
USC00116526.txt 51
USC00116558.txt 43
USC00116579.txt 26
USC00116610.txt 8
USC00116738.txt 329
USC00116910.txt 30
USC00117551.txt 247
USC00118147.txt 93
USC00118740.txt 20
USC00118916.txt 840
USC00119241.txt 10
USC00119354.txt 16
USC00120177.txt 41
USC00120200.txt 0
USC00120676.txt 38
USC00120784.txt 73
USC00121030.txt 8
USC00121229.txt 28
USC00121425.txt 347
USC00121747.txt 29
USC00121873.txt 121
USC00122149.txt 64
USC00123418.txt 119
USC00123513.txt 5
USC00123527.txt 28
USC00124008.txt 510
USC00124181.txt 42
USC00124837.txt 16
USC00125237.txt 25
USC00125337.txt 138
USC00126001.txt 60
USC00126580.txt 24
USC00126705.txt 736
USC00127125.txt 49
USC00127298.txt 1226
USC00127482.txt 3
USC00127522.txt 47
USC00127646.txt 170
USC00127755.txt 65
USC00127875.txt 72
USC00127935.txt 115
USC00128036.txt 38
USC00129080.txt 4
USC00129113.txt 53
USC00129253.txt 90
USC00129511.txt 169
USC00129557.txt 22
USC00129670.txt 44
USC00130112.txt 10
USC00130133.txt 57
USC00130600.txt 79
USC00131402.txt 7
USC00131533.txt 56
USC00131635.txt 57
USC00132724.txt 390
USC00132789.txt 50
USC00132864.txt 34
USC00132977.txt 305
USC00132999.txt 106
USC00134063.txt 101
USC00134142.txt 288
USC00134735.txt 630
USC00134894.txt 40
USC00135769.txt 142
USC00135796.txt 164
USC00135952.txt 61
USC00137147.txt 347
USC00137161.txt 102
USC00137979.txt 854
USC00138296.txt 30
USC00138688.txt 197
USC00250070.txt 39
USC00250130.txt 664
USC00250375.txt 40
USC00250420.txt 10
USC00250435.txt 44
USC00250622.txt 33
USC00250640.txt 11
USC00251145.txt 0
USC00251200.txt 439
USC00252020.txt 127
USC00252100.txt 205
USC00252205.txt 77
USC00252820.txt 1
USC00252840.txt 45
USC00253035.txt 35
USC00253175.txt 305
USC00253185.txt 0
USC00253365.txt 28
USC00253615.txt 78
USC00253630.txt 133
USC00253660.txt 35
USC00253715.txt 349
USC00253735.txt 20
USC00253910.txt 39
USC00254110.txt 207
USC00254440.txt 31
USC00254900.txt 2140
USC00254985.txt 20
USC00255080.txt 83
USC00255310.txt 18
USC00255470.txt 2
USC00255565.txt 8
USC00256040.txt 37
USC00256135.txt 0
USC00256570.txt 236
USC00256970.txt 247
USC00257070.txt 4
USC00257515.txt 45
USC00257715.txt 45
USC00258133.txt 4
USC00258395.txt 68
USC00258465.txt 28
USC00258480.txt 58
USC00258915.txt 5
USC00259090.txt 71
USC00259510.txt 60
USC00331072.txt 7
USC00331152.txt 8
USC00331541.txt 37
USC00331592.txt 7
USC00331890.txt 12
USC00332098.txt 15
USC00332119.txt 62
USC00332791.txt 2
USC00333375.txt 1
USC00333758.txt 28
USC00333780.txt 27
USC00334189.txt 391
USC00335041.txt 57
USC00335297.txt 146
USC00335315.txt 263
USC00336118.txt 5
USC00336196.txt 9
USC00336600.txt 13
USC00336781.txt 9
USC00338313.txt 9
USC00338534.txt 51
USC00338552.txt 8
USC00338769.txt 7
USC00338822.txt 9
USC00338830.txt 201
USC00339312.txt 0
