1985  164    164    164
1986  149    157    68
1987  139    107    24
1988  28    6    3
1989  1    1    27
1990  35    51    91
1991  42    72    9
1992  4    7    11
1993  1    3    75
1994  4    8    0
1995  4    4    5
1996  0    0    15
1997  2    3    0
1998  55    114    13
1999  31    7    1
2000  4    3    3
2001  4    4    2
2002  3    6    2
2003  2    1    7
2004  7    5    9
2005  11    5    0
2006  23    7    10
2007  13    6    12
2008  6    3    18
2009  0    0    9
2010  3    5    10
2011  3    6    35
2012  92    10    0
2013  0    2    0
2014  1    2    1
